Library/Bee/Android/Prj/IL2CPP/Gradle/unityLibrary/build/intermediates/manifest_merge_blame_file/release/manifest-merger-blame-release-report.txt
1<?xml version="1.0" encoding="utf-8"?>
2<manifest xmlns:android="http://schemas.android.com/apk/res/android"
3    xmlns:tools="http://schemas.android.com/tools"
4    package="com.unity3d.player" >
5
6    <uses-sdk
7        android:minSdkVersion="22"
7-->src\main\AndroidManifest.xml
8        android:targetSdkVersion="33" />
8-->src\main\AndroidManifest.xml
9
10    <uses-feature android:glEsVersion="0x00030000" />
10-->src\main\AndroidManifest.xml:3:3-52
10-->src\main\AndroidManifest.xml:3:17-49
11    <uses-feature
11-->src\main\AndroidManifest.xml:4:3-91
12        android:name="android.hardware.vulkan.version"
12-->src\main\AndroidManifest.xml:4:17-63
13        android:required="false" />
13-->src\main\AndroidManifest.xml:4:64-88
14    <uses-feature
14-->src\main\AndroidManifest.xml:5:3-88
15        android:name="android.hardware.touchscreen"
15-->src\main\AndroidManifest.xml:5:17-60
16        android:required="false" />
16-->src\main\AndroidManifest.xml:5:61-85
17    <uses-feature
17-->src\main\AndroidManifest.xml:6:3-99
18        android:name="android.hardware.touchscreen.multitouch"
18-->src\main\AndroidManifest.xml:6:17-71
19        android:required="false" />
19-->src\main\AndroidManifest.xml:6:72-96
20    <uses-feature
20-->src\main\AndroidManifest.xml:7:3-108
21        android:name="android.hardware.touchscreen.multitouch.distinct"
21-->src\main\AndroidManifest.xml:7:17-80
22        android:required="false" />
22-->src\main\AndroidManifest.xml:7:81-105
23
24    <application
24-->src\main\AndroidManifest.xml:8:3-25:17
25        android:extractNativeLibs="true"
25-->src\main\AndroidManifest.xml:8:16-48
26        android:isGame="true" >
26-->src\main\AndroidManifest.xml:8:49-70
27        <meta-data
27-->src\main\AndroidManifest.xml:9:5-69
28            android:name="unity.splash-mode"
28-->src\main\AndroidManifest.xml:9:16-48
29            android:value="0" />
29-->src\main\AndroidManifest.xml:9:49-66
30        <meta-data
30-->src\main\AndroidManifest.xml:10:5-74
31            android:name="unity.splash-enable"
31-->src\main\AndroidManifest.xml:10:16-50
32            android:value="True" />
32-->src\main\AndroidManifest.xml:10:51-71
33        <meta-data
33-->src\main\AndroidManifest.xml:11:5-78
34            android:name="unity.launch-fullscreen"
34-->src\main\AndroidManifest.xml:11:16-54
35            android:value="True" />
35-->src\main\AndroidManifest.xml:11:55-75
36        <meta-data
36-->src\main\AndroidManifest.xml:12:5-84
37            android:name="unity.allow-resizable-window"
37-->src\main\AndroidManifest.xml:12:16-59
38            android:value="False" />
38-->src\main\AndroidManifest.xml:12:60-81
39        <meta-data
39-->src\main\AndroidManifest.xml:13:5-81
40            android:name="notch.config"
40-->src\main\AndroidManifest.xml:13:16-43
41            android:value="portrait|landscape" />
41-->src\main\AndroidManifest.xml:13:44-78
42        <meta-data
42-->src\main\AndroidManifest.xml:14:5-84
43            android:name="unity.auto-report-fully-drawn"
43-->src\main\AndroidManifest.xml:14:16-60
44            android:value="true" />
44-->src\main\AndroidManifest.xml:14:61-81
45        <meta-data
45-->src\main\AndroidManifest.xml:15:5-78
46            android:name="unity.strip-engine-code"
46-->src\main\AndroidManifest.xml:15:16-54
47            android:value="true" />
47-->src\main\AndroidManifest.xml:15:55-75
48
49        <activity
49-->src\main\AndroidManifest.xml:16:5-24:16
50            android:name="com.unity3d.player.UnityPlayerActivity"
50-->src\main\AndroidManifest.xml:16:312-365
51            android:configChanges="mcc|mnc|locale|touchscreen|keyboard|keyboardHidden|navigation|orientation|screenLayout|uiMode|screenSize|smallestScreenSize|fontScale|layoutDirection|density"
51-->src\main\AndroidManifest.xml:16:15-196
52            android:enabled="true"
52-->src\main\AndroidManifest.xml:16:197-219
53            android:exported="true"
53-->src\main\AndroidManifest.xml:16:220-243
54            android:hardwareAccelerated="false"
54-->src\main\AndroidManifest.xml:16:244-279
55            android:launchMode="singleTask"
55-->src\main\AndroidManifest.xml:16:280-311
56            android:resizeableActivity="false"
56-->src\main\AndroidManifest.xml:16:366-400
57            android:screenOrientation="landscape"
57-->src\main\AndroidManifest.xml:16:401-438
58            android:theme="@style/UnityThemeSelector" >
58-->src\main\AndroidManifest.xml:16:439-480
59            <intent-filter>
59-->src\main\AndroidManifest.xml:17:7-21:23
60                <category android:name="android.intent.category.LAUNCHER" />
60-->src\main\AndroidManifest.xml:18:9-69
60-->src\main\AndroidManifest.xml:18:19-66
61                <category android:name="android.intent.category.LEANBACK_LAUNCHER" />
61-->src\main\AndroidManifest.xml:19:9-78
61-->src\main\AndroidManifest.xml:19:19-75
62
63                <action android:name="android.intent.action.MAIN" />
63-->src\main\AndroidManifest.xml:20:9-61
63-->src\main\AndroidManifest.xml:20:17-58
64            </intent-filter>
65
66            <meta-data
66-->src\main\AndroidManifest.xml:22:7-82
67                android:name="unityplayer.UnityActivity"
67-->src\main\AndroidManifest.xml:22:18-58
68                android:value="true" />
68-->src\main\AndroidManifest.xml:22:59-79
69            <meta-data
69-->src\main\AndroidManifest.xml:23:7-70
70                android:name="notch_support"
70-->src\main\AndroidManifest.xml:23:18-46
71                android:value="true" />
71-->src\main\AndroidManifest.xml:23:47-67
72        </activity>
73    </application>
74
75</manifest>